[2026-01-04 23:45:23,382: INFO: main: >>>>>> stage Data Ingestion stage started <<<<<<]
[2026-01-04 23:45:23,382: INFO: common: YAML file loaded successfully: config/config.yaml]
[2026-01-04 23:45:23,383: INFO: common: YAML file loaded successfully: params.yaml]
[2026-01-04 23:45:23,383: INFO: common: YAML file loaded successfully: schema.yaml]
[2026-01-04 23:45:23,383: INFO: common: Created directory at: artifacts]
[2026-01-04 23:45:23,383: INFO: common: Created directory at: artifacts/data_ingestion]
[2026-01-04 23:45:24,181: INFO: data_ingestion: Downloaded file to: artifacts/data_ingestion/data.zip]
[2026-01-04 23:45:24,194: INFO: main: >>>>>> stage Data Ingestion stage completed <<<<<<

x==========x]
[2026-01-05 00:23:42,730: INFO: common: YAML file loaded successfully: config/config.yaml]
[2026-01-05 00:23:42,732: INFO: common: YAML file loaded successfully: params.yaml]
[2026-01-05 00:23:42,733: INFO: common: YAML file loaded successfully: schema.yaml]
[2026-01-05 00:23:42,734: INFO: common: Created directory at: artifacts]
[2026-01-05 00:23:42,735: INFO: common: Created directory at: artifacts/data_validation]
[2026-01-05 00:27:30,374: INFO: common: YAML file loaded successfully: config/config.yaml]
[2026-01-05 00:27:30,376: INFO: common: YAML file loaded successfully: params.yaml]
[2026-01-05 00:27:30,377: INFO: common: YAML file loaded successfully: schema.yaml]
[2026-01-05 00:27:30,377: INFO: common: Created directory at: artifacts]
[2026-01-05 00:27:30,378: INFO: common: Created directory at: artifacts/data_validation]
[2026-01-05 01:00:07,901: INFO: common: YAML file loaded successfully: config/config.yaml]
[2026-01-05 01:00:07,905: INFO: common: YAML file loaded successfully: params.yaml]
[2026-01-05 01:00:07,906: INFO: common: YAML file loaded successfully: schema.yaml]
[2026-01-05 01:00:07,907: INFO: common: Created directory at: artifacts]
[2026-01-05 01:00:07,907: INFO: common: Created directory at: artifacts/data_validation]
[2026-01-05 01:02:10,906: INFO: common: YAML file loaded successfully: config/config.yaml]
[2026-01-05 01:02:10,908: INFO: common: YAML file loaded successfully: params.yaml]
[2026-01-05 01:02:10,909: INFO: common: YAML file loaded successfully: schema.yaml]
[2026-01-05 01:02:10,910: INFO: common: Created directory at: artifacts]
[2026-01-05 01:02:10,911: INFO: common: Created directory at: artifacts/data_validation]
[2026-01-05 01:02:10,911: INFO: common: Created directory at: artifacts/data_validation/status.txt]
[2026-01-05 01:02:11,903: INFO: common: YAML file loaded successfully: config/config.yaml]
[2026-01-05 01:02:11,904: INFO: common: YAML file loaded successfully: params.yaml]
[2026-01-05 01:02:11,905: INFO: common: YAML file loaded successfully: schema.yaml]
[2026-01-05 01:02:11,905: INFO: common: Created directory at: artifacts]
[2026-01-05 01:02:11,906: INFO: common: Created directory at: artifacts/data_validation]
[2026-01-05 01:02:11,906: INFO: common: Created directory at: artifacts/data_validation/status.txt]
[2026-01-05 01:05:03,693: INFO: common: YAML file loaded successfully: config/config.yaml]
[2026-01-05 01:05:03,696: INFO: common: YAML file loaded successfully: params.yaml]
[2026-01-05 01:05:03,696: INFO: common: YAML file loaded successfully: schema.yaml]
[2026-01-05 01:05:03,697: INFO: common: Created directory at: artifacts]
[2026-01-05 01:05:03,698: INFO: common: Created directory at: artifacts/data_validation]
[2026-01-05 01:05:10,818: INFO: common: YAML file loaded successfully: config/config.yaml]
[2026-01-05 01:05:10,820: INFO: common: YAML file loaded successfully: params.yaml]
[2026-01-05 01:05:10,821: INFO: common: YAML file loaded successfully: schema.yaml]
[2026-01-05 01:05:10,821: INFO: common: Created directory at: artifacts]
[2026-01-05 01:05:10,822: INFO: common: Created directory at: artifacts/data_validation]
[2026-01-05 01:05:17,947: INFO: common: YAML file loaded successfully: config/config.yaml]
[2026-01-05 01:05:17,948: INFO: common: YAML file loaded successfully: params.yaml]
[2026-01-05 01:05:17,949: INFO: common: YAML file loaded successfully: schema.yaml]
[2026-01-05 01:05:17,950: INFO: common: Created directory at: artifacts]
[2026-01-05 01:05:17,950: INFO: common: Created directory at: artifacts/data_validation]
[2026-01-05 01:05:46,843: INFO: common: YAML file loaded successfully: config/config.yaml]
[2026-01-05 01:05:46,844: INFO: common: YAML file loaded successfully: params.yaml]
[2026-01-05 01:05:46,845: INFO: common: YAML file loaded successfully: schema.yaml]
[2026-01-05 01:05:46,846: INFO: common: Created directory at: artifacts]
[2026-01-05 01:05:46,846: INFO: common: Created directory at: artifacts/data_validation]
[2026-01-05 01:05:46,847: INFO: common: Created directory at: artifacts/data_validation/status.txt]
[2026-01-05 01:05:48,093: INFO: common: YAML file loaded successfully: config/config.yaml]
[2026-01-05 01:05:48,094: INFO: common: YAML file loaded successfully: params.yaml]
[2026-01-05 01:05:48,095: INFO: common: YAML file loaded successfully: schema.yaml]
[2026-01-05 01:05:48,096: INFO: common: Created directory at: artifacts]
[2026-01-05 01:05:48,096: INFO: common: Created directory at: artifacts/data_validation]
[2026-01-05 01:05:48,097: INFO: common: Created directory at: artifacts/data_validation/status.txt]
[2026-01-05 01:06:08,400: INFO: common: YAML file loaded successfully: config/config.yaml]
[2026-01-05 01:06:08,402: INFO: common: YAML file loaded successfully: params.yaml]
[2026-01-05 01:06:08,403: INFO: common: YAML file loaded successfully: schema.yaml]
[2026-01-05 01:06:08,403: INFO: common: Created directory at: artifacts]
[2026-01-05 01:06:08,404: INFO: common: Created directory at: artifacts/data_validation]
[2026-01-05 01:06:09,411: INFO: common: YAML file loaded successfully: config/config.yaml]
[2026-01-05 01:06:09,412: INFO: common: YAML file loaded successfully: params.yaml]
[2026-01-05 01:06:09,414: INFO: common: YAML file loaded successfully: schema.yaml]
[2026-01-05 01:06:09,414: INFO: common: Created directory at: artifacts]
[2026-01-05 01:06:09,415: INFO: common: Created directory at: artifacts/data_validation]
[2026-01-05 01:06:24,037: INFO: common: YAML file loaded successfully: config/config.yaml]
[2026-01-05 01:06:24,038: INFO: common: YAML file loaded successfully: params.yaml]
[2026-01-05 01:06:24,039: INFO: common: YAML file loaded successfully: schema.yaml]
[2026-01-05 01:06:24,040: INFO: common: Created directory at: artifacts]
[2026-01-05 01:06:24,040: INFO: common: Created directory at: artifacts/data_validation]
[2026-01-05 01:06:35,763: INFO: common: YAML file loaded successfully: config/config.yaml]
[2026-01-05 01:06:35,765: INFO: common: YAML file loaded successfully: params.yaml]
[2026-01-05 01:06:35,766: INFO: common: YAML file loaded successfully: schema.yaml]
[2026-01-05 01:06:35,766: INFO: common: Created directory at: artifacts]
[2026-01-05 01:06:35,767: INFO: common: Created directory at: artifacts/data_validation]
[2026-01-05 01:07:15,464: INFO: common: YAML file loaded successfully: config/config.yaml]
[2026-01-05 01:07:15,466: INFO: common: YAML file loaded successfully: params.yaml]
[2026-01-05 01:07:15,467: INFO: common: YAML file loaded successfully: schema.yaml]
[2026-01-05 01:07:15,468: INFO: common: Created directory at: artifacts]
[2026-01-05 01:07:15,468: INFO: common: Created directory at: artifacts/data_validation]
[2026-01-05 01:08:39,478: INFO: common: YAML file loaded successfully: config/config.yaml]
[2026-01-05 01:08:39,479: INFO: common: YAML file loaded successfully: params.yaml]
[2026-01-05 01:08:39,480: INFO: common: YAML file loaded successfully: schema.yaml]
[2026-01-05 01:08:39,481: INFO: common: Created directory at: artifacts]
[2026-01-05 01:08:39,481: INFO: common: Created directory at: artifacts/data_validation]
[2026-01-05 01:09:10,832: INFO: common: YAML file loaded successfully: config/config.yaml]
[2026-01-05 01:09:10,833: INFO: common: YAML file loaded successfully: params.yaml]
[2026-01-05 01:09:10,834: INFO: common: YAML file loaded successfully: schema.yaml]
[2026-01-05 01:09:10,834: INFO: common: Created directory at: artifacts]
[2026-01-05 01:09:10,835: INFO: common: Created directory at: artifacts/data_validation]
[2026-01-05 01:09:12,033: INFO: common: YAML file loaded successfully: config/config.yaml]
[2026-01-05 01:09:12,034: INFO: common: YAML file loaded successfully: params.yaml]
[2026-01-05 01:09:12,036: INFO: common: YAML file loaded successfully: schema.yaml]
[2026-01-05 01:09:12,036: INFO: common: Created directory at: artifacts]
[2026-01-05 01:09:12,037: INFO: common: Created directory at: artifacts/data_validation]
[2026-01-05 01:09:16,427: INFO: common: YAML file loaded successfully: config/config.yaml]
[2026-01-05 01:09:16,428: INFO: common: YAML file loaded successfully: params.yaml]
[2026-01-05 01:09:16,429: INFO: common: YAML file loaded successfully: schema.yaml]
[2026-01-05 01:09:16,430: INFO: common: Created directory at: artifacts]
[2026-01-05 01:09:16,430: INFO: common: Created directory at: artifacts/data_validation]
[2026-01-05 01:15:16,523: INFO: common: YAML file loaded successfully: config/config.yaml]
[2026-01-05 01:15:16,525: INFO: common: YAML file loaded successfully: params.yaml]
[2026-01-05 01:15:16,526: INFO: common: YAML file loaded successfully: schema.yaml]
[2026-01-05 01:15:16,527: INFO: common: Created directory at: artifacts]
[2026-01-05 01:15:16,527: INFO: common: Created directory at: artifacts/data_validation]
[2026-01-05 01:15:40,329: INFO: common: YAML file loaded successfully: config/config.yaml]
[2026-01-05 01:15:40,330: INFO: common: YAML file loaded successfully: params.yaml]
[2026-01-05 01:15:40,331: INFO: common: YAML file loaded successfully: schema.yaml]
[2026-01-05 01:15:40,332: INFO: common: Created directory at: artifacts]
[2026-01-05 01:15:40,332: INFO: common: Created directory at: artifacts/data_validation]
[2026-01-05 01:17:15,286: INFO: common: YAML file loaded successfully: config/config.yaml]
[2026-01-05 01:17:15,289: INFO: common: YAML file loaded successfully: params.yaml]
[2026-01-05 01:17:15,290: INFO: common: YAML file loaded successfully: schema.yaml]
[2026-01-05 01:17:15,290: INFO: common: Created directory at: artifacts]
[2026-01-05 01:17:15,291: INFO: common: Created directory at: artifacts/data_validation]
[2026-01-05 01:20:25,184: INFO: common: YAML file loaded successfully: config/config.yaml]
[2026-01-05 01:20:25,186: INFO: common: YAML file loaded successfully: params.yaml]
[2026-01-05 01:20:25,188: INFO: common: YAML file loaded successfully: schema.yaml]
[2026-01-05 01:20:25,189: INFO: common: Created directory at: artifacts]
[2026-01-05 01:20:25,189: INFO: common: Created directory at: artifacts/data_validation]
[2026-01-05 01:20:25,190: INFO: common: Created directory at: artifacts/data_validation/status.txt]
[2026-01-05 01:21:46,640: INFO: common: YAML file loaded successfully: config/config.yaml]
[2026-01-05 01:21:46,642: INFO: common: YAML file loaded successfully: params.yaml]
[2026-01-05 01:21:46,643: INFO: common: YAML file loaded successfully: schema.yaml]
[2026-01-05 01:21:46,644: INFO: common: Created directory at: artifacts]
[2026-01-05 01:21:46,644: INFO: common: Created directory at: artifacts/data_validation]
[2026-01-05 01:21:46,645: INFO: common: Created directory at: artifacts/data_validation/status.txt]
[2026-01-05 01:27:36,422: INFO: common: YAML file loaded successfully: config/config.yaml]
[2026-01-05 01:27:36,424: INFO: common: YAML file loaded successfully: params.yaml]
[2026-01-05 01:27:36,425: INFO: common: YAML file loaded successfully: schema.yaml]
[2026-01-05 01:27:36,425: INFO: common: Created directory at: artifacts]
[2026-01-05 01:27:36,426: INFO: common: Created directory at: artifacts/data_validation]
[2026-01-05 01:27:36,426: INFO: common: Created directory at: artifacts/data_validation/status.txt]
[2026-01-05 01:37:42,357: INFO: common: YAML file loaded successfully: config/config.yaml]
[2026-01-05 01:37:42,359: INFO: common: YAML file loaded successfully: params.yaml]
[2026-01-05 01:37:42,359: INFO: common: YAML file loaded successfully: schema.yaml]
[2026-01-05 01:37:42,360: INFO: common: Created directory at: artifacts]
[2026-01-05 01:37:42,361: INFO: common: Created directory at: artifacts/data_validation]
[2026-01-05 01:37:53,244: INFO: common: YAML file loaded successfully: config/config.yaml]
[2026-01-05 01:37:53,245: INFO: common: YAML file loaded successfully: params.yaml]
[2026-01-05 01:37:53,246: INFO: common: YAML file loaded successfully: schema.yaml]
[2026-01-05 01:37:53,246: INFO: common: Created directory at: artifacts]
[2026-01-05 01:37:53,247: INFO: common: Created directory at: artifacts/data_validation]
[2026-01-05 01:38:13,214: INFO: common: YAML file loaded successfully: config/config.yaml]
[2026-01-05 01:38:13,216: INFO: common: YAML file loaded successfully: params.yaml]
[2026-01-05 01:38:13,217: INFO: common: YAML file loaded successfully: schema.yaml]
[2026-01-05 01:38:13,217: INFO: common: Created directory at: artifacts]
[2026-01-05 01:38:13,218: INFO: common: Created directory at: artifacts/data_validation]
[2026-01-05 01:38:19,688: INFO: common: YAML file loaded successfully: config/config.yaml]
[2026-01-05 01:38:19,689: INFO: common: YAML file loaded successfully: params.yaml]
[2026-01-05 01:38:19,690: INFO: common: YAML file loaded successfully: schema.yaml]
[2026-01-05 01:38:19,690: INFO: common: Created directory at: artifacts]
[2026-01-05 01:38:19,691: INFO: common: Created directory at: artifacts/data_validation]
[2026-01-06 19:01:16,027: INFO: main: >>>>>> stage Data Ingestion stage started <<<<<<]
[2026-01-06 19:01:16,028: INFO: common: YAML file loaded successfully: config/config.yaml]
[2026-01-06 19:01:16,028: INFO: common: YAML file loaded successfully: params.yaml]
[2026-01-06 19:01:16,028: INFO: common: YAML file loaded successfully: schema.yaml]
[2026-01-06 19:01:16,028: INFO: common: Created directory at: artifacts]
[2026-01-06 19:01:16,028: INFO: common: Created directory at: artifacts/data_ingestion]
[2026-01-06 19:01:16,028: INFO: data_ingestion: File already exists of size: ~ 696 KB]
[2026-01-06 19:01:16,033: INFO: main: >>>>>> stage Data Ingestion stage completed <<<<<<

x==========x]
[2026-01-06 19:01:37,338: INFO: main: >>>>>> stage Data Ingestion stage started <<<<<<]
[2026-01-06 19:01:37,339: INFO: common: YAML file loaded successfully: config/config.yaml]
[2026-01-06 19:01:37,339: INFO: common: YAML file loaded successfully: params.yaml]
[2026-01-06 19:01:37,339: INFO: common: YAML file loaded successfully: schema.yaml]
[2026-01-06 19:01:37,339: INFO: common: Created directory at: artifacts]
[2026-01-06 19:01:37,339: INFO: common: Created directory at: artifacts/data_ingestion]
[2026-01-06 19:01:38,106: INFO: data_ingestion: Downloaded file to: artifacts/data_ingestion/data.zip]
[2026-01-06 19:01:38,119: INFO: main: >>>>>> stage Data Ingestion stage completed <<<<<<

x==========x]
[2026-01-06 19:03:06,769: INFO: common: YAML file loaded successfully: config/config.yaml]
[2026-01-06 19:03:06,771: INFO: common: YAML file loaded successfully: params.yaml]
[2026-01-06 19:03:06,772: INFO: common: YAML file loaded successfully: schema.yaml]
[2026-01-06 19:03:06,773: INFO: common: Created directory at: artifacts]
[2026-01-06 19:03:06,773: INFO: common: Created directory at: artifacts/data_validation]
[2026-01-06 19:08:40,851: INFO: common: YAML file loaded successfully: config/config.yaml]
[2026-01-06 19:08:40,853: INFO: common: YAML file loaded successfully: params.yaml]
[2026-01-06 19:08:40,854: INFO: common: YAML file loaded successfully: schema.yaml]
[2026-01-06 19:08:40,854: INFO: common: Created directory at: artifacts]
[2026-01-06 19:08:40,855: INFO: common: Created directory at: artifacts/data_validation]
[2026-01-06 19:11:08,837: INFO: common: YAML file loaded successfully: config/config.yaml]
[2026-01-06 19:11:08,839: INFO: common: YAML file loaded successfully: params.yaml]
[2026-01-06 19:11:08,841: INFO: common: YAML file loaded successfully: schema.yaml]
[2026-01-06 19:11:08,841: INFO: common: Created directory at: artifacts]
[2026-01-06 19:11:08,842: INFO: common: Created directory at: artifacts/data_validation]
[2026-01-06 19:15:35,359: INFO: common: YAML file loaded successfully: config/config.yaml]
[2026-01-06 19:15:35,361: INFO: common: YAML file loaded successfully: params.yaml]
[2026-01-06 19:15:35,362: INFO: common: YAML file loaded successfully: schema.yaml]
[2026-01-06 19:15:35,362: INFO: common: Created directory at: artifacts]
[2026-01-06 19:15:35,363: INFO: common: Created directory at: artifacts/data_validation]
[2026-01-06 19:30:46,595: INFO: main: >>>>>> stage Data Ingestion stage started <<<<<<]
[2026-01-06 19:30:46,596: INFO: common: YAML file loaded successfully: config/config.yaml]
[2026-01-06 19:30:46,597: INFO: common: YAML file loaded successfully: params.yaml]
[2026-01-06 19:30:46,597: INFO: common: YAML file loaded successfully: schema.yaml]
[2026-01-06 19:30:46,597: INFO: common: Created directory at: artifacts]
[2026-01-06 19:30:46,597: INFO: common: Created directory at: artifacts/data_ingestion]
[2026-01-06 19:30:47,302: INFO: data_ingestion: Downloaded file to: artifacts/data_ingestion/data.zip]
[2026-01-06 19:30:47,314: INFO: main: >>>>>> stage Data Ingestion stage completed <<<<<<

x==========x]
[2026-01-06 19:30:47,315: INFO: main: >>>>>> stage Data Validation stage started <<<<<<]
[2026-01-06 19:30:47,316: INFO: common: YAML file loaded successfully: config/config.yaml]
[2026-01-06 19:30:47,317: INFO: common: YAML file loaded successfully: params.yaml]
[2026-01-06 19:30:47,317: INFO: common: YAML file loaded successfully: schema.yaml]
[2026-01-06 19:30:47,317: INFO: common: Created directory at: artifacts]
[2026-01-06 19:30:47,317: INFO: common: Created directory at: artifacts]
[2026-01-06 19:30:47,318: INFO: common: Created directory at: artifacts/data_validation]
[2026-01-06 19:30:47,358: INFO: main: >>>>>> stage Data Validation stage completed <<<<<<

x==========x]
[2026-01-06 20:04:15,941: INFO: main: >>>>>> stage Data Ingestion stage started <<<<<<]
[2026-01-06 20:04:15,942: INFO: common: YAML file loaded successfully: config/config.yaml]
[2026-01-06 20:04:15,942: INFO: common: YAML file loaded successfully: params.yaml]
[2026-01-06 20:04:15,942: INFO: common: YAML file loaded successfully: schema.yaml]
[2026-01-06 20:04:15,942: INFO: common: Created directory at: artifacts]
[2026-01-06 20:04:15,942: INFO: common: Created directory at: artifacts/data_ingestion]
[2026-01-06 20:04:15,943: INFO: data_ingestion: File already exists of size: ~ 696 KB]
[2026-01-06 20:04:15,947: INFO: main: >>>>>> stage Data Ingestion stage completed <<<<<<

x==========x]
[2026-01-06 20:04:15,947: INFO: main: >>>>>> stage Data Validation stage started <<<<<<]
[2026-01-06 20:04:15,948: INFO: common: YAML file loaded successfully: config/config.yaml]
[2026-01-06 20:04:15,948: INFO: common: YAML file loaded successfully: params.yaml]
[2026-01-06 20:04:15,948: INFO: common: YAML file loaded successfully: schema.yaml]
[2026-01-06 20:04:15,948: INFO: common: Created directory at: artifacts]
[2026-01-06 20:04:15,948: INFO: common: Created directory at: artifacts]
[2026-01-06 20:04:15,948: INFO: common: Created directory at: artifacts/data_validation]
[2026-01-06 20:04:15,971: INFO: main: >>>>>> stage Data Validation stage completed <<<<<<

x==========x]
[2026-01-06 20:04:27,976: INFO: main: >>>>>> stage Data Ingestion stage started <<<<<<]
[2026-01-06 20:04:27,977: INFO: common: YAML file loaded successfully: config/config.yaml]
[2026-01-06 20:04:27,977: INFO: common: YAML file loaded successfully: params.yaml]
[2026-01-06 20:04:27,977: INFO: common: YAML file loaded successfully: schema.yaml]
[2026-01-06 20:04:27,977: INFO: common: Created directory at: artifacts]
[2026-01-06 20:04:27,977: INFO: common: Created directory at: artifacts/data_ingestion]
[2026-01-06 20:04:28,688: INFO: data_ingestion: Downloaded file to: artifacts/data_ingestion/data.zip]
[2026-01-06 20:04:28,701: INFO: main: >>>>>> stage Data Ingestion stage completed <<<<<<

x==========x]
[2026-01-06 20:04:28,704: INFO: main: >>>>>> stage Data Validation stage started <<<<<<]
[2026-01-06 20:04:28,706: INFO: common: YAML file loaded successfully: config/config.yaml]
[2026-01-06 20:04:28,706: INFO: common: YAML file loaded successfully: params.yaml]
[2026-01-06 20:04:28,707: INFO: common: YAML file loaded successfully: schema.yaml]
[2026-01-06 20:04:28,707: INFO: common: Created directory at: artifacts]
[2026-01-06 20:04:28,708: INFO: common: Created directory at: artifacts]
[2026-01-06 20:04:28,708: INFO: common: Created directory at: artifacts/data_validation]
[2026-01-06 20:04:28,749: INFO: main: >>>>>> stage Data Validation stage completed <<<<<<

x==========x]
[2026-01-07 01:15:29,480: INFO: common: YAML file loaded successfully: config/config.yaml]
[2026-01-07 01:15:29,482: INFO: common: YAML file loaded successfully: params.yaml]
[2026-01-07 01:15:29,483: INFO: common: YAML file loaded successfully: schema.yaml]
[2026-01-07 01:15:29,484: INFO: common: Created directory at: artifacts/data_transformation]
[2026-01-07 01:17:49,354: INFO: common: YAML file loaded successfully: config/config.yaml]
[2026-01-07 01:17:49,356: INFO: common: YAML file loaded successfully: params.yaml]
[2026-01-07 01:17:49,358: INFO: common: YAML file loaded successfully: schema.yaml]
[2026-01-07 01:17:49,358: INFO: common: Created directory at: artifacts/data_transformation]
[2026-01-07 01:18:38,410: INFO: common: YAML file loaded successfully: config/config.yaml]
[2026-01-07 01:18:38,412: INFO: common: YAML file loaded successfully: params.yaml]
[2026-01-07 01:18:38,413: INFO: common: YAML file loaded successfully: schema.yaml]
[2026-01-07 01:18:38,414: INFO: common: Created directory at: artifacts/data_transformation]
[2026-01-07 01:19:25,241: INFO: common: YAML file loaded successfully: config/config.yaml]
[2026-01-07 01:19:25,244: INFO: common: YAML file loaded successfully: params.yaml]
[2026-01-07 01:19:25,244: INFO: common: YAML file loaded successfully: schema.yaml]
[2026-01-07 01:19:25,245: INFO: common: Created directory at: artifacts/data_transformation]
[2026-01-07 01:19:25,279: INFO: common: Created directory at: artifacts/data_transformation]
[2026-01-07 01:20:14,745: INFO: common: YAML file loaded successfully: config/config.yaml]
[2026-01-07 01:20:14,747: INFO: common: YAML file loaded successfully: params.yaml]
[2026-01-07 01:20:14,748: INFO: common: YAML file loaded successfully: schema.yaml]
[2026-01-07 01:20:14,750: INFO: common: Created directory at: artifacts/data_transformation]
[2026-01-07 01:20:14,781: INFO: common: Created directory at: artifacts/data_transformation]
[2026-01-07 13:41:36,513: INFO: common: YAML file loaded successfully: config/config.yaml]
[2026-01-07 13:41:36,515: INFO: common: YAML file loaded successfully: params.yaml]
[2026-01-07 13:41:36,516: INFO: common: YAML file loaded successfully: schema.yaml]
[2026-01-07 13:41:36,517: INFO: common: Created directory at: artifacts/data_transformation]
[2026-01-07 13:41:36,543: INFO: common: Created directory at: artifacts/data_transformation]
[2026-01-07 13:42:05,570: INFO: common: YAML file loaded successfully: config/config.yaml]
[2026-01-07 13:42:05,571: INFO: common: YAML file loaded successfully: params.yaml]
[2026-01-07 13:42:05,572: INFO: common: YAML file loaded successfully: schema.yaml]
[2026-01-07 13:42:05,573: INFO: common: Created directory at: artifacts/data_transformation]
[2026-01-07 13:42:05,600: INFO: common: Created directory at: artifacts/data_transformation]
[2026-01-07 13:42:39,738: INFO: common: YAML file loaded successfully: config/config.yaml]
[2026-01-07 13:42:39,740: INFO: common: YAML file loaded successfully: params.yaml]
[2026-01-07 13:42:39,741: INFO: common: YAML file loaded successfully: schema.yaml]
[2026-01-07 13:42:39,742: INFO: common: Created directory at: artifacts/data_transformation]
[2026-01-07 13:42:39,767: INFO: common: Created directory at: artifacts/data_transformation]
[2026-01-07 13:55:04,729: INFO: common: YAML file loaded successfully: config/config.yaml]
[2026-01-07 13:55:04,732: INFO: common: YAML file loaded successfully: params.yaml]
[2026-01-07 13:55:04,733: INFO: common: YAML file loaded successfully: schema.yaml]
[2026-01-07 13:55:04,734: INFO: common: Created directory at: artifacts/data_transformation]
[2026-01-07 13:55:04,762: INFO: common: Created directory at: artifacts/data_transformation]
[2026-01-07 14:03:01,356: INFO: common: YAML file loaded successfully: config/config.yaml]
[2026-01-07 14:03:01,358: INFO: common: YAML file loaded successfully: params.yaml]
[2026-01-07 14:03:01,360: INFO: common: YAML file loaded successfully: schema.yaml]
[2026-01-07 14:03:01,360: INFO: common: Created directory at: artifacts/data_transformation]
[2026-01-07 14:03:01,395: INFO: common: Created directory at: artifacts/data_transformation]
[2026-01-07 14:04:23,304: INFO: common: YAML file loaded successfully: config/config.yaml]
[2026-01-07 14:04:23,306: INFO: common: YAML file loaded successfully: params.yaml]
[2026-01-07 14:04:23,307: INFO: common: YAML file loaded successfully: schema.yaml]
[2026-01-07 14:04:23,308: INFO: common: Created directory at: artifacts/data_transformation]
[2026-01-07 14:04:23,336: INFO: common: Created directory at: artifacts/data_transformation]
[2026-01-07 14:11:13,396: INFO: main: >>>>>> stage Data Ingestion stage started <<<<<<]
[2026-01-07 14:11:13,397: INFO: common: YAML file loaded successfully: config/config.yaml]
[2026-01-07 14:11:13,398: INFO: common: YAML file loaded successfully: params.yaml]
[2026-01-07 14:11:13,398: INFO: common: YAML file loaded successfully: schema.yaml]
[2026-01-07 14:11:13,398: INFO: common: Created directory at: artifacts]
[2026-01-07 14:11:13,398: INFO: common: Created directory at: artifacts/data_ingestion]
[2026-01-07 14:11:14,230: INFO: data_ingestion: Downloaded file to: artifacts/data_ingestion/data.zip]
[2026-01-07 14:11:14,245: INFO: main: >>>>>> stage Data Ingestion stage completed <<<<<<

x==========x]
[2026-01-07 14:11:14,245: INFO: main: >>>>>> stage Data Validation stage started <<<<<<]
[2026-01-07 14:11:14,247: INFO: common: YAML file loaded successfully: config/config.yaml]
[2026-01-07 14:11:14,247: INFO: common: YAML file loaded successfully: params.yaml]
[2026-01-07 14:11:14,248: INFO: common: YAML file loaded successfully: schema.yaml]
[2026-01-07 14:11:14,248: INFO: common: Created directory at: artifacts]
[2026-01-07 14:11:14,248: INFO: common: Created directory at: artifacts]
[2026-01-07 14:11:14,249: INFO: common: Created directory at: artifacts/data_validation]
[2026-01-07 14:11:14,286: INFO: main: >>>>>> stage Data Validation stage completed <<<<<<

x==========x]
[2026-01-07 14:11:14,286: INFO: main: >>>>>> stage Data Validation stage started <<<<<<]
[2026-01-07 14:11:14,287: INFO: common: YAML file loaded successfully: config/config.yaml]
[2026-01-07 14:11:14,287: INFO: common: YAML file loaded successfully: params.yaml]
[2026-01-07 14:11:14,288: INFO: common: YAML file loaded successfully: schema.yaml]
[2026-01-07 14:11:14,288: INFO: common: Created directory at: artifacts]
[2026-01-07 14:11:14,288: INFO: common: Created directory at: artifacts/data_transformation]
[2026-01-07 14:11:14,312: INFO: common: Created directory at: artifacts/data_transformation]
[2026-01-07 14:11:21,036: INFO: main: >>>>>> stage Data Validation stage completed <<<<<<

x==========x]
[2026-01-07 15:05:40,136: INFO: main: >>>>>> stage Data Ingestion stage started <<<<<<]
[2026-01-07 15:05:40,137: INFO: common: YAML file loaded successfully: config/config.yaml]
[2026-01-07 15:05:40,138: INFO: common: YAML file loaded successfully: params.yaml]
[2026-01-07 15:05:40,138: INFO: common: YAML file loaded successfully: schema.yaml]
[2026-01-07 15:05:40,138: INFO: common: Created directory at: artifacts]
[2026-01-07 15:05:40,138: INFO: common: Created directory at: artifacts/data_ingestion]
[2026-01-07 15:05:40,886: INFO: data_ingestion: Downloaded file to: artifacts/data_ingestion/data.zip]
[2026-01-07 15:05:40,902: INFO: main: >>>>>> stage Data Ingestion stage completed <<<<<<

x==========x]
[2026-01-07 15:05:40,902: INFO: main: >>>>>> stage Data Validation stage started <<<<<<]
[2026-01-07 15:05:40,904: INFO: common: YAML file loaded successfully: config/config.yaml]
[2026-01-07 15:05:40,904: INFO: common: YAML file loaded successfully: params.yaml]
[2026-01-07 15:05:40,905: INFO: common: YAML file loaded successfully: schema.yaml]
[2026-01-07 15:05:40,905: INFO: common: Created directory at: artifacts]
[2026-01-07 15:05:40,905: INFO: common: Created directory at: artifacts]
[2026-01-07 15:05:40,906: INFO: common: Created directory at: artifacts/data_validation]
[2026-01-07 15:05:40,946: INFO: main: >>>>>> stage Data Validation stage completed <<<<<<

x==========x]
[2026-01-07 15:05:40,946: INFO: main: >>>>>> stage Data Transformation stage started <<<<<<]
[2026-01-07 15:05:40,947: INFO: common: YAML file loaded successfully: config/config.yaml]
[2026-01-07 15:05:40,948: INFO: common: YAML file loaded successfully: params.yaml]
[2026-01-07 15:05:40,948: INFO: common: YAML file loaded successfully: schema.yaml]
[2026-01-07 15:05:40,948: INFO: common: Created directory at: artifacts]
[2026-01-07 15:05:40,948: INFO: common: Created directory at: artifacts/data_transformation]
[2026-01-07 15:05:40,974: INFO: common: Created directory at: artifacts/data_transformation]
[2026-01-07 15:05:46,091: INFO: main: >>>>>> stage Data Transformation stage completed <<<<<<

x==========x]
[2026-01-07 15:33:18,488: INFO: common: YAML file loaded successfully: config/config.yaml]
[2026-01-07 15:33:18,491: INFO: common: YAML file loaded successfully: params.yaml]
[2026-01-07 15:33:18,492: INFO: common: YAML file loaded successfully: schema.yaml]
[2026-01-07 15:33:18,493: INFO: common: Created directory at: artifacts/model_trainer]
[2026-01-07 15:33:49,051: INFO: common: YAML file loaded successfully: config/config.yaml]
[2026-01-07 15:33:49,053: INFO: common: YAML file loaded successfully: params.yaml]
[2026-01-07 15:33:49,054: INFO: common: YAML file loaded successfully: schema.yaml]
[2026-01-07 15:33:49,054: INFO: common: Created directory at: artifacts/model_trainer]
[2026-01-07 15:36:02,447: INFO: common: YAML file loaded successfully: config/config.yaml]
[2026-01-07 15:36:02,449: INFO: common: YAML file loaded successfully: params.yaml]
[2026-01-07 15:36:02,450: INFO: common: YAML file loaded successfully: schema.yaml]
[2026-01-07 15:36:02,450: INFO: common: Created directory at: artifacts/data_transformation]
[2026-01-07 15:36:02,481: INFO: common: Created directory at: artifacts/data_transformation]
[2026-01-07 15:36:18,846: INFO: common: YAML file loaded successfully: config/config.yaml]
[2026-01-07 15:36:18,849: INFO: common: YAML file loaded successfully: params.yaml]
[2026-01-07 15:36:18,850: INFO: common: YAML file loaded successfully: schema.yaml]
[2026-01-07 15:36:18,851: INFO: common: Created directory at: artifacts/data_transformation]
[2026-01-07 15:36:18,881: INFO: common: Created directory at: artifacts/data_transformation]
[2026-01-07 15:43:33,779: INFO: main: >>>>>> stage Data Ingestion stage started <<<<<<]
[2026-01-07 15:43:33,780: INFO: common: YAML file loaded successfully: config/config.yaml]
[2026-01-07 15:43:33,780: INFO: common: YAML file loaded successfully: params.yaml]
[2026-01-07 15:43:33,781: INFO: common: YAML file loaded successfully: schema.yaml]
[2026-01-07 15:43:33,781: INFO: common: Created directory at: artifacts]
[2026-01-07 15:43:33,781: INFO: common: Created directory at: artifacts/data_ingestion]
[2026-01-07 15:43:34,875: INFO: data_ingestion: Downloaded file to: artifacts/data_ingestion/data.zip]
[2026-01-07 15:43:34,888: INFO: main: >>>>>> stage Data Ingestion stage completed <<<<<<

x==========x]
[2026-01-07 15:43:34,888: INFO: main: >>>>>> stage Data Validation stage started <<<<<<]
[2026-01-07 15:43:34,891: INFO: common: YAML file loaded successfully: config/config.yaml]
[2026-01-07 15:43:34,891: INFO: common: YAML file loaded successfully: params.yaml]
[2026-01-07 15:43:34,892: INFO: common: YAML file loaded successfully: schema.yaml]
[2026-01-07 15:43:34,892: INFO: common: Created directory at: artifacts]
[2026-01-07 15:43:34,892: INFO: common: Created directory at: artifacts]
[2026-01-07 15:43:34,892: INFO: common: Created directory at: artifacts/data_validation]
[2026-01-07 15:43:34,930: INFO: main: >>>>>> stage Data Validation stage completed <<<<<<

x==========x]
[2026-01-07 15:43:34,930: INFO: main: >>>>>> stage Data Transformation stage started <<<<<<]
[2026-01-07 15:43:34,931: INFO: common: YAML file loaded successfully: config/config.yaml]
[2026-01-07 15:43:34,931: INFO: common: YAML file loaded successfully: params.yaml]
[2026-01-07 15:43:34,932: INFO: common: YAML file loaded successfully: schema.yaml]
[2026-01-07 15:43:34,932: INFO: common: Created directory at: artifacts]
[2026-01-07 15:43:34,932: INFO: common: Created directory at: artifacts/data_transformation]
[2026-01-07 15:43:34,956: INFO: common: Created directory at: artifacts/data_transformation]
[2026-01-07 15:43:42,287: INFO: main: >>>>>> stage Data Transformation stage completed <<<<<<

x==========x]
[2026-01-07 15:44:26,372: INFO: common: YAML file loaded successfully: config/config.yaml]
[2026-01-07 15:44:26,375: INFO: common: YAML file loaded successfully: params.yaml]
[2026-01-07 15:44:26,376: INFO: common: YAML file loaded successfully: schema.yaml]
[2026-01-07 15:44:26,378: INFO: common: Created directory at: artifacts/model_trainer]
[2026-01-07 15:45:11,995: INFO: common: YAML file loaded successfully: config/config.yaml]
[2026-01-07 15:45:11,997: INFO: common: YAML file loaded successfully: params.yaml]
[2026-01-07 15:45:11,997: INFO: common: YAML file loaded successfully: schema.yaml]
[2026-01-07 15:45:11,998: INFO: common: Created directory at: artifacts/data_transformation]
[2026-01-07 15:45:12,029: INFO: common: Created directory at: artifacts/data_transformation]
[2026-01-07 15:45:35,045: INFO: common: YAML file loaded successfully: config/config.yaml]
[2026-01-07 15:45:35,046: INFO: common: YAML file loaded successfully: params.yaml]
[2026-01-07 15:45:35,048: INFO: common: YAML file loaded successfully: schema.yaml]
[2026-01-07 15:45:35,048: INFO: common: Created directory at: artifacts/data_transformation]
[2026-01-07 15:45:35,078: INFO: common: Created directory at: artifacts/data_transformation]
[2026-01-07 15:46:08,663: INFO: common: YAML file loaded successfully: config/config.yaml]
[2026-01-07 15:46:08,664: INFO: common: YAML file loaded successfully: params.yaml]
[2026-01-07 15:46:08,665: INFO: common: YAML file loaded successfully: schema.yaml]
[2026-01-07 15:46:08,666: INFO: common: Created directory at: artifacts/data_transformation]
[2026-01-07 15:46:08,694: INFO: common: Created directory at: artifacts/data_transformation]
[2026-01-07 18:32:17,199: INFO: common: YAML file loaded successfully: config/config.yaml]
[2026-01-07 18:32:17,202: INFO: common: YAML file loaded successfully: params.yaml]
[2026-01-07 18:32:17,203: INFO: common: YAML file loaded successfully: schema.yaml]
[2026-01-07 18:32:17,204: INFO: common: Created directory at: artifacts/data_transformation]
[2026-01-07 18:32:17,232: INFO: common: Created directory at: artifacts/data_transformation]
[2026-01-07 18:35:19,768: INFO: common: YAML file loaded successfully: config/config.yaml]
[2026-01-07 18:35:19,770: INFO: common: YAML file loaded successfully: params.yaml]
[2026-01-07 18:35:19,772: INFO: common: YAML file loaded successfully: schema.yaml]
[2026-01-07 18:35:19,772: INFO: common: Created directory at: artifacts/model_trainer]
[2026-01-07 18:40:59,788: INFO: common: YAML file loaded successfully: config/config.yaml]
[2026-01-07 18:40:59,791: INFO: common: YAML file loaded successfully: params.yaml]
[2026-01-07 18:40:59,792: INFO: common: YAML file loaded successfully: schema.yaml]
[2026-01-07 18:40:59,792: INFO: common: Created directory at: artifacts/model_trainer]
[2026-01-07 18:42:29,564: INFO: common: YAML file loaded successfully: config/config.yaml]
[2026-01-07 18:42:29,566: INFO: common: YAML file loaded successfully: params.yaml]
[2026-01-07 18:42:29,567: INFO: common: YAML file loaded successfully: schema.yaml]
[2026-01-07 18:42:29,567: INFO: common: Created directory at: artifacts/data_transformation]
[2026-01-07 18:42:29,591: INFO: common: Created directory at: artifacts/data_transformation]
[2026-01-07 18:42:42,334: INFO: common: YAML file loaded successfully: config/config.yaml]
[2026-01-07 18:42:42,335: INFO: common: YAML file loaded successfully: params.yaml]
[2026-01-07 18:42:42,336: INFO: common: YAML file loaded successfully: schema.yaml]
[2026-01-07 18:42:42,337: INFO: common: Created directory at: artifacts/data_transformation]
[2026-01-07 18:42:42,363: INFO: common: Created directory at: artifacts/data_transformation]
[2026-01-07 18:42:56,930: INFO: common: YAML file loaded successfully: config/config.yaml]
[2026-01-07 18:42:56,932: INFO: common: YAML file loaded successfully: params.yaml]
[2026-01-07 18:42:56,933: INFO: common: YAML file loaded successfully: schema.yaml]
[2026-01-07 18:42:56,934: INFO: common: Created directory at: artifacts/model_trainer]
[2026-01-07 18:44:59,101: INFO: common: YAML file loaded successfully: config/config.yaml]
[2026-01-07 18:44:59,103: INFO: common: YAML file loaded successfully: params.yaml]
[2026-01-07 18:44:59,105: INFO: common: YAML file loaded successfully: schema.yaml]
[2026-01-07 18:44:59,105: INFO: common: Created directory at: artifacts/model_trainer]
[2026-01-07 18:48:10,079: INFO: common: YAML file loaded successfully: config/config.yaml]
[2026-01-07 18:48:10,081: INFO: common: YAML file loaded successfully: params.yaml]
[2026-01-07 18:48:10,082: INFO: common: YAML file loaded successfully: schema.yaml]
[2026-01-07 18:48:10,083: INFO: common: Created directory at: artifacts/model_trainer]
[2026-01-07 18:51:43,146: INFO: common: YAML file loaded successfully: config/config.yaml]
[2026-01-07 18:51:43,148: INFO: common: YAML file loaded successfully: params.yaml]
[2026-01-07 18:51:43,149: INFO: common: YAML file loaded successfully: schema.yaml]
[2026-01-07 18:51:43,149: INFO: common: Created directory at: artifacts/data_transformation]
[2026-01-07 18:51:43,177: INFO: common: Created directory at: artifacts/data_transformation]
[2026-01-07 18:56:22,583: INFO: common: YAML file loaded successfully: config/config.yaml]
[2026-01-07 18:56:22,584: INFO: common: YAML file loaded successfully: params.yaml]
[2026-01-07 18:56:22,585: INFO: common: YAML file loaded successfully: schema.yaml]
[2026-01-07 18:56:22,586: INFO: common: Created directory at: artifacts/model_trainer]
[2026-01-07 21:02:51,690: INFO: main: >>>>>> stage Data Ingestion stage started <<<<<<]
[2026-01-07 21:02:51,691: INFO: common: YAML file loaded successfully: config/config.yaml]
[2026-01-07 21:02:51,692: INFO: common: YAML file loaded successfully: params.yaml]
[2026-01-07 21:02:51,692: INFO: common: YAML file loaded successfully: schema.yaml]
[2026-01-07 21:02:51,692: INFO: common: Created directory at: artifacts]
[2026-01-07 21:02:51,692: INFO: common: Created directory at: artifacts/data_ingestion]
[2026-01-07 21:02:51,717: ERROR: main: <urlopen error [Errno 8] nodename nor servname provided, or not known>]
Traceback (most recent call last):
  File "/Library/Frameworks/Python.framework/Versions/3.14/lib/python3.14/urllib/request.py", line 1321, in do_open
    h.request(req.get_method(), req.selector, req.data, headers,
    ~~~~~~~~~^^^^^^^^^^^^^^^^^^^^^^^^^^^^^^^^^^^^^^^^^^^^^^^^^^^
              encode_chunked=req.has_header('Transfer-encoding'))
              ^^^^^^^^^^^^^^^^^^^^^^^^^^^^^^^^^^^^^^^^^^^^^^^^^^^
  File "/Library/Frameworks/Python.framework/Versions/3.14/lib/python3.14/http/client.py", line 1338, in request
    self._send_request(method, url, body, headers, encode_chunked)
    ~~~~~~~~~~~~~~~~~~^^^^^^^^^^^^^^^^^^^^^^^^^^^^^^^^^^^^^^^^^^^^
  File "/Library/Frameworks/Python.framework/Versions/3.14/lib/python3.14/http/client.py", line 1384, in _send_request
    self.endheaders(body, encode_chunked=encode_chunked)
    ~~~~~~~~~~~~~~~^^^^^^^^^^^^^^^^^^^^^^^^^^^^^^^^^^^^^
  File "/Library/Frameworks/Python.framework/Versions/3.14/lib/python3.14/http/client.py", line 1333, in endheaders
    self._send_output(message_body, encode_chunked=encode_chunked)
    ~~~~~~~~~~~~~~~~~^^^^^^^^^^^^^^^^^^^^^^^^^^^^^^^^^^^^^^^^^^^^^
  File "/Library/Frameworks/Python.framework/Versions/3.14/lib/python3.14/http/client.py", line 1093, in _send_output
    self.send(msg)
    ~~~~~~~~~^^^^^
  File "/Library/Frameworks/Python.framework/Versions/3.14/lib/python3.14/http/client.py", line 1037, in send
    self.connect()
    ~~~~~~~~~~~~^^
  File "/Library/Frameworks/Python.framework/Versions/3.14/lib/python3.14/http/client.py", line 1472, in connect
    super().connect()
    ~~~~~~~~~~~~~~~^^
  File "/Library/Frameworks/Python.framework/Versions/3.14/lib/python3.14/http/client.py", line 1003, in connect
    self.sock = self._create_connection(
                ~~~~~~~~~~~~~~~~~~~~~~~^
        (self.host,self.port), self.timeout, self.source_address)
        ^^^^^^^^^^^^^^^^^^^^^^^^^^^^^^^^^^^^^^^^^^^^^^^^^^^^^^^^^
  File "/Library/Frameworks/Python.framework/Versions/3.14/lib/python3.14/socket.py", line 846, in create_connection
    for res in getaddrinfo(host, port, 0, SOCK_STREAM):
               ~~~~~~~~~~~^^^^^^^^^^^^^^^^^^^^^^^^^^^^
  File "/Library/Frameworks/Python.framework/Versions/3.14/lib/python3.14/socket.py", line 983, in getaddrinfo
    for res in _socket.getaddrinfo(host, port, family, type, proto, flags):
               ~~~~~~~~~~~~~~~~~~~^^^^^^^^^^^^^^^^^^^^^^^^^^^^^^^^^^^^^^^^
socket.gaierror: [Errno 8] nodename nor servname provided, or not known

During handling of the above exception, another exception occurred:

Traceback (most recent call last):
  File "/Users/gojuruakshith/YouTube-Fake-Thumbnail-Detector/main.py", line 13, in <module>
    data_ingestion.main()
    ~~~~~~~~~~~~~~~~~~~^^
  File "/Users/gojuruakshith/YouTube-Fake-Thumbnail-Detector/src/mlProject/pipeline/stage_01_data_ingestion.py", line 14, in main
    data_ingestion.download_file()
    ~~~~~~~~~~~~~~~~~~~~~~~~~~~~^^
  File "/Users/gojuruakshith/YouTube-Fake-Thumbnail-Detector/src/mlProject/components/data_ingestion.py", line 20, in download_file
    with request.urlopen(self.config.source_url, context=ctx) as r, open(self.config.local_data_file, "wb") as f:
         ~~~~~~~~~~~~~~~^^^^^^^^^^^^^^^^^^^^^^^^^^^^^^^^^^^^^
  File "/Library/Frameworks/Python.framework/Versions/3.14/lib/python3.14/urllib/request.py", line 187, in urlopen
    return opener.open(url, data, timeout)
           ~~~~~~~~~~~^^^^^^^^^^^^^^^^^^^^
  File "/Library/Frameworks/Python.framework/Versions/3.14/lib/python3.14/urllib/request.py", line 487, in open
    response = self._open(req, data)
  File "/Library/Frameworks/Python.framework/Versions/3.14/lib/python3.14/urllib/request.py", line 504, in _open
    result = self._call_chain(self.handle_open, protocol, protocol +
                              '_open', req)
  File "/Library/Frameworks/Python.framework/Versions/3.14/lib/python3.14/urllib/request.py", line 464, in _call_chain
    result = func(*args)
  File "/Library/Frameworks/Python.framework/Versions/3.14/lib/python3.14/urllib/request.py", line 1369, in https_open
    return self.do_open(http.client.HTTPSConnection, req,
           ~~~~~~~~~~~~^^^^^^^^^^^^^^^^^^^^^^^^^^^^^^^^^^
                        context=self._context)
                        ^^^^^^^^^^^^^^^^^^^^^^
  File "/Library/Frameworks/Python.framework/Versions/3.14/lib/python3.14/urllib/request.py", line 1324, in do_open
    raise URLError(err)
urllib.error.URLError: <urlopen error [Errno 8] nodename nor servname provided, or not known>
[2026-01-07 21:03:55,165: INFO: main: >>>>>> stage Data Ingestion stage started <<<<<<]
[2026-01-07 21:03:55,166: INFO: common: YAML file loaded successfully: config/config.yaml]
[2026-01-07 21:03:55,166: INFO: common: YAML file loaded successfully: params.yaml]
[2026-01-07 21:03:55,167: INFO: common: YAML file loaded successfully: schema.yaml]
[2026-01-07 21:03:55,167: INFO: common: Created directory at: artifacts]
[2026-01-07 21:03:55,167: INFO: common: Created directory at: artifacts/data_ingestion]
[2026-01-07 21:03:55,185: ERROR: main: <urlopen error [Errno 8] nodename nor servname provided, or not known>]
Traceback (most recent call last):
  File "/Library/Frameworks/Python.framework/Versions/3.14/lib/python3.14/urllib/request.py", line 1321, in do_open
    h.request(req.get_method(), req.selector, req.data, headers,
    ~~~~~~~~~^^^^^^^^^^^^^^^^^^^^^^^^^^^^^^^^^^^^^^^^^^^^^^^^^^^
              encode_chunked=req.has_header('Transfer-encoding'))
              ^^^^^^^^^^^^^^^^^^^^^^^^^^^^^^^^^^^^^^^^^^^^^^^^^^^
  File "/Library/Frameworks/Python.framework/Versions/3.14/lib/python3.14/http/client.py", line 1338, in request
    self._send_request(method, url, body, headers, encode_chunked)
    ~~~~~~~~~~~~~~~~~~^^^^^^^^^^^^^^^^^^^^^^^^^^^^^^^^^^^^^^^^^^^^
  File "/Library/Frameworks/Python.framework/Versions/3.14/lib/python3.14/http/client.py", line 1384, in _send_request
    self.endheaders(body, encode_chunked=encode_chunked)
    ~~~~~~~~~~~~~~~^^^^^^^^^^^^^^^^^^^^^^^^^^^^^^^^^^^^^
  File "/Library/Frameworks/Python.framework/Versions/3.14/lib/python3.14/http/client.py", line 1333, in endheaders
    self._send_output(message_body, encode_chunked=encode_chunked)
    ~~~~~~~~~~~~~~~~~^^^^^^^^^^^^^^^^^^^^^^^^^^^^^^^^^^^^^^^^^^^^^
  File "/Library/Frameworks/Python.framework/Versions/3.14/lib/python3.14/http/client.py", line 1093, in _send_output
    self.send(msg)
    ~~~~~~~~~^^^^^
  File "/Library/Frameworks/Python.framework/Versions/3.14/lib/python3.14/http/client.py", line 1037, in send
    self.connect()
    ~~~~~~~~~~~~^^
  File "/Library/Frameworks/Python.framework/Versions/3.14/lib/python3.14/http/client.py", line 1472, in connect
    super().connect()
    ~~~~~~~~~~~~~~~^^
  File "/Library/Frameworks/Python.framework/Versions/3.14/lib/python3.14/http/client.py", line 1003, in connect
    self.sock = self._create_connection(
                ~~~~~~~~~~~~~~~~~~~~~~~^
        (self.host,self.port), self.timeout, self.source_address)
        ^^^^^^^^^^^^^^^^^^^^^^^^^^^^^^^^^^^^^^^^^^^^^^^^^^^^^^^^^
  File "/Library/Frameworks/Python.framework/Versions/3.14/lib/python3.14/socket.py", line 846, in create_connection
    for res in getaddrinfo(host, port, 0, SOCK_STREAM):
               ~~~~~~~~~~~^^^^^^^^^^^^^^^^^^^^^^^^^^^^
  File "/Library/Frameworks/Python.framework/Versions/3.14/lib/python3.14/socket.py", line 983, in getaddrinfo
    for res in _socket.getaddrinfo(host, port, family, type, proto, flags):
               ~~~~~~~~~~~~~~~~~~~^^^^^^^^^^^^^^^^^^^^^^^^^^^^^^^^^^^^^^^^
socket.gaierror: [Errno 8] nodename nor servname provided, or not known

During handling of the above exception, another exception occurred:

Traceback (most recent call last):
  File "/Users/gojuruakshith/YouTube-Fake-Thumbnail-Detector/main.py", line 13, in <module>
    data_ingestion.main()
    ~~~~~~~~~~~~~~~~~~~^^
  File "/Users/gojuruakshith/YouTube-Fake-Thumbnail-Detector/src/mlProject/pipeline/stage_01_data_ingestion.py", line 14, in main
    data_ingestion.download_file()
    ~~~~~~~~~~~~~~~~~~~~~~~~~~~~^^
  File "/Users/gojuruakshith/YouTube-Fake-Thumbnail-Detector/src/mlProject/components/data_ingestion.py", line 20, in download_file
    with request.urlopen(self.config.source_url, context=ctx) as r, open(self.config.local_data_file, "wb") as f:
         ~~~~~~~~~~~~~~~^^^^^^^^^^^^^^^^^^^^^^^^^^^^^^^^^^^^^
  File "/Library/Frameworks/Python.framework/Versions/3.14/lib/python3.14/urllib/request.py", line 187, in urlopen
    return opener.open(url, data, timeout)
           ~~~~~~~~~~~^^^^^^^^^^^^^^^^^^^^
  File "/Library/Frameworks/Python.framework/Versions/3.14/lib/python3.14/urllib/request.py", line 487, in open
    response = self._open(req, data)
  File "/Library/Frameworks/Python.framework/Versions/3.14/lib/python3.14/urllib/request.py", line 504, in _open
    result = self._call_chain(self.handle_open, protocol, protocol +
                              '_open', req)
  File "/Library/Frameworks/Python.framework/Versions/3.14/lib/python3.14/urllib/request.py", line 464, in _call_chain
    result = func(*args)
  File "/Library/Frameworks/Python.framework/Versions/3.14/lib/python3.14/urllib/request.py", line 1369, in https_open
    return self.do_open(http.client.HTTPSConnection, req,
           ~~~~~~~~~~~~^^^^^^^^^^^^^^^^^^^^^^^^^^^^^^^^^^
                        context=self._context)
                        ^^^^^^^^^^^^^^^^^^^^^^
  File "/Library/Frameworks/Python.framework/Versions/3.14/lib/python3.14/urllib/request.py", line 1324, in do_open
    raise URLError(err)
urllib.error.URLError: <urlopen error [Errno 8] nodename nor servname provided, or not known>
[2026-01-07 21:05:35,230: INFO: main: >>>>>> stage Data Ingestion stage started <<<<<<]
[2026-01-07 21:05:35,231: INFO: common: YAML file loaded successfully: config/config.yaml]
[2026-01-07 21:05:35,231: INFO: common: YAML file loaded successfully: params.yaml]
[2026-01-07 21:05:35,232: INFO: common: YAML file loaded successfully: schema.yaml]
[2026-01-07 21:05:35,232: INFO: common: Created directory at: artifacts]
[2026-01-07 21:05:35,232: INFO: common: Created directory at: artifacts/data_ingestion]
[2026-01-07 21:05:35,251: ERROR: main: <urlopen error [Errno 8] nodename nor servname provided, or not known>]
Traceback (most recent call last):
  File "/Library/Frameworks/Python.framework/Versions/3.14/lib/python3.14/urllib/request.py", line 1321, in do_open
    h.request(req.get_method(), req.selector, req.data, headers,
    ~~~~~~~~~^^^^^^^^^^^^^^^^^^^^^^^^^^^^^^^^^^^^^^^^^^^^^^^^^^^
              encode_chunked=req.has_header('Transfer-encoding'))
              ^^^^^^^^^^^^^^^^^^^^^^^^^^^^^^^^^^^^^^^^^^^^^^^^^^^
  File "/Library/Frameworks/Python.framework/Versions/3.14/lib/python3.14/http/client.py", line 1338, in request
    self._send_request(method, url, body, headers, encode_chunked)
    ~~~~~~~~~~~~~~~~~~^^^^^^^^^^^^^^^^^^^^^^^^^^^^^^^^^^^^^^^^^^^^
  File "/Library/Frameworks/Python.framework/Versions/3.14/lib/python3.14/http/client.py", line 1384, in _send_request
    self.endheaders(body, encode_chunked=encode_chunked)
    ~~~~~~~~~~~~~~~^^^^^^^^^^^^^^^^^^^^^^^^^^^^^^^^^^^^^
  File "/Library/Frameworks/Python.framework/Versions/3.14/lib/python3.14/http/client.py", line 1333, in endheaders
    self._send_output(message_body, encode_chunked=encode_chunked)
    ~~~~~~~~~~~~~~~~~^^^^^^^^^^^^^^^^^^^^^^^^^^^^^^^^^^^^^^^^^^^^^
  File "/Library/Frameworks/Python.framework/Versions/3.14/lib/python3.14/http/client.py", line 1093, in _send_output
    self.send(msg)
    ~~~~~~~~~^^^^^
  File "/Library/Frameworks/Python.framework/Versions/3.14/lib/python3.14/http/client.py", line 1037, in send
    self.connect()
    ~~~~~~~~~~~~^^
  File "/Library/Frameworks/Python.framework/Versions/3.14/lib/python3.14/http/client.py", line 1472, in connect
    super().connect()
    ~~~~~~~~~~~~~~~^^
  File "/Library/Frameworks/Python.framework/Versions/3.14/lib/python3.14/http/client.py", line 1003, in connect
    self.sock = self._create_connection(
                ~~~~~~~~~~~~~~~~~~~~~~~^
        (self.host,self.port), self.timeout, self.source_address)
        ^^^^^^^^^^^^^^^^^^^^^^^^^^^^^^^^^^^^^^^^^^^^^^^^^^^^^^^^^
  File "/Library/Frameworks/Python.framework/Versions/3.14/lib/python3.14/socket.py", line 846, in create_connection
    for res in getaddrinfo(host, port, 0, SOCK_STREAM):
               ~~~~~~~~~~~^^^^^^^^^^^^^^^^^^^^^^^^^^^^
  File "/Library/Frameworks/Python.framework/Versions/3.14/lib/python3.14/socket.py", line 983, in getaddrinfo
    for res in _socket.getaddrinfo(host, port, family, type, proto, flags):
               ~~~~~~~~~~~~~~~~~~~^^^^^^^^^^^^^^^^^^^^^^^^^^^^^^^^^^^^^^^^
socket.gaierror: [Errno 8] nodename nor servname provided, or not known

During handling of the above exception, another exception occurred:

Traceback (most recent call last):
  File "/Users/gojuruakshith/YouTube-Fake-Thumbnail-Detector/main.py", line 13, in <module>
    data_ingestion.main()
    ~~~~~~~~~~~~~~~~~~~^^
  File "/Users/gojuruakshith/YouTube-Fake-Thumbnail-Detector/src/mlProject/pipeline/stage_01_data_ingestion.py", line 14, in main
    data_ingestion.download_file()
    ~~~~~~~~~~~~~~~~~~~~~~~~~~~~^^
  File "/Users/gojuruakshith/YouTube-Fake-Thumbnail-Detector/src/mlProject/components/data_ingestion.py", line 20, in download_file
    with request.urlopen(self.config.source_url, context=ctx) as r, open(self.config.local_data_file, "wb") as f:
         ~~~~~~~~~~~~~~~^^^^^^^^^^^^^^^^^^^^^^^^^^^^^^^^^^^^^
  File "/Library/Frameworks/Python.framework/Versions/3.14/lib/python3.14/urllib/request.py", line 187, in urlopen
    return opener.open(url, data, timeout)
           ~~~~~~~~~~~^^^^^^^^^^^^^^^^^^^^
  File "/Library/Frameworks/Python.framework/Versions/3.14/lib/python3.14/urllib/request.py", line 487, in open
    response = self._open(req, data)
  File "/Library/Frameworks/Python.framework/Versions/3.14/lib/python3.14/urllib/request.py", line 504, in _open
    result = self._call_chain(self.handle_open, protocol, protocol +
                              '_open', req)
  File "/Library/Frameworks/Python.framework/Versions/3.14/lib/python3.14/urllib/request.py", line 464, in _call_chain
    result = func(*args)
  File "/Library/Frameworks/Python.framework/Versions/3.14/lib/python3.14/urllib/request.py", line 1369, in https_open
    return self.do_open(http.client.HTTPSConnection, req,
           ~~~~~~~~~~~~^^^^^^^^^^^^^^^^^^^^^^^^^^^^^^^^^^
                        context=self._context)
                        ^^^^^^^^^^^^^^^^^^^^^^
  File "/Library/Frameworks/Python.framework/Versions/3.14/lib/python3.14/urllib/request.py", line 1324, in do_open
    raise URLError(err)
urllib.error.URLError: <urlopen error [Errno 8] nodename nor servname provided, or not known>
[2026-01-07 21:07:07,500: INFO: main: >>>>>> stage Data Ingestion stage started <<<<<<]
[2026-01-07 21:07:07,502: INFO: common: YAML file loaded successfully: config/config.yaml]
[2026-01-07 21:07:07,502: INFO: common: YAML file loaded successfully: params.yaml]
[2026-01-07 21:07:07,502: INFO: common: YAML file loaded successfully: schema.yaml]
[2026-01-07 21:07:07,502: INFO: common: Created directory at: artifacts]
[2026-01-07 21:07:07,502: INFO: common: Created directory at: artifacts/data_ingestion]
[2026-01-07 21:07:08,223: INFO: data_ingestion: Downloaded file to: artifacts/data_ingestion/data.zip]
[2026-01-07 21:07:08,228: INFO: main: >>>>>> stage Data Ingestion stage completed <<<<<<

x==========x]
[2026-01-07 21:07:08,228: INFO: main: >>>>>> stage Data Validation stage started <<<<<<]
[2026-01-07 21:07:08,228: INFO: common: YAML file loaded successfully: config/config.yaml]
[2026-01-07 21:07:08,228: INFO: common: YAML file loaded successfully: params.yaml]
[2026-01-07 21:07:08,229: INFO: common: YAML file loaded successfully: schema.yaml]
[2026-01-07 21:07:08,229: INFO: common: Created directory at: artifacts]
[2026-01-07 21:07:08,229: INFO: common: Created directory at: artifacts]
[2026-01-07 21:07:08,229: INFO: common: Created directory at: artifacts/data_validation]
[2026-01-07 21:07:08,253: INFO: main: >>>>>> stage Data Validation stage completed <<<<<<

x==========x]
[2026-01-07 21:07:08,254: INFO: main: >>>>>> stage Data Transformation stage started <<<<<<]
[2026-01-07 21:07:08,254: INFO: common: YAML file loaded successfully: config/config.yaml]
[2026-01-07 21:07:08,254: INFO: common: YAML file loaded successfully: params.yaml]
[2026-01-07 21:07:08,255: INFO: common: YAML file loaded successfully: schema.yaml]
[2026-01-07 21:07:08,255: INFO: common: Created directory at: artifacts]
[2026-01-07 21:07:08,255: INFO: common: Created directory at: artifacts/data_transformation]
[2026-01-07 21:07:08,274: INFO: common: Created directory at: artifacts/data_transformation]
[2026-01-07 21:07:14,396: INFO: main: >>>>>> stage Data Transformation stage completed <<<<<<

x==========x]
[2026-01-07 21:11:42,684: INFO: common: YAML file loaded successfully: config/config.yaml]
[2026-01-07 21:11:42,686: INFO: common: YAML file loaded successfully: params.yaml]
[2026-01-07 21:11:42,687: INFO: common: YAML file loaded successfully: schema.yaml]
[2026-01-07 21:11:42,688: INFO: common: Created directory at: artifacts/model_trainer]
[2026-01-07 21:12:09,156: INFO: common: YAML file loaded successfully: config/config.yaml]
[2026-01-07 21:12:09,157: INFO: common: YAML file loaded successfully: params.yaml]
[2026-01-07 21:12:09,158: INFO: common: YAML file loaded successfully: schema.yaml]
[2026-01-07 21:12:09,158: INFO: common: Created directory at: artifacts/model_trainer]
[2026-01-07 21:12:57,517: INFO: common: YAML file loaded successfully: config/config.yaml]
[2026-01-07 21:12:57,519: INFO: common: YAML file loaded successfully: params.yaml]
[2026-01-07 21:12:57,521: INFO: common: YAML file loaded successfully: schema.yaml]
[2026-01-07 21:12:57,521: INFO: common: Created directory at: artifacts/model_trainer]
[2026-01-07 21:14:30,716: INFO: common: YAML file loaded successfully: config/config.yaml]
[2026-01-07 21:14:30,718: INFO: common: YAML file loaded successfully: params.yaml]
[2026-01-07 21:14:30,719: INFO: common: YAML file loaded successfully: schema.yaml]
[2026-01-07 21:14:30,719: INFO: common: Created directory at: artifacts/model_trainer]
[2026-01-07 21:17:46,218: INFO: common: YAML file loaded successfully: config/config.yaml]
[2026-01-07 21:17:46,221: INFO: common: YAML file loaded successfully: params.yaml]
[2026-01-07 21:17:46,222: INFO: common: YAML file loaded successfully: schema.yaml]
[2026-01-07 21:17:46,222: INFO: common: Created directory at: artifacts/model_trainer]
[2026-01-07 21:18:58,530: INFO: common: YAML file loaded successfully: config/config.yaml]
[2026-01-07 21:18:58,533: INFO: common: YAML file loaded successfully: params.yaml]
[2026-01-07 21:18:58,535: INFO: common: YAML file loaded successfully: schema.yaml]
[2026-01-07 21:18:58,535: INFO: common: Created directory at: artifacts/model_trainer]
[2026-01-07 21:20:11,971: INFO: main: >>>>>> stage Data Ingestion stage started <<<<<<]
[2026-01-07 21:20:11,973: INFO: common: YAML file loaded successfully: config/config.yaml]
[2026-01-07 21:20:11,973: INFO: common: YAML file loaded successfully: params.yaml]
[2026-01-07 21:20:11,974: INFO: common: YAML file loaded successfully: schema.yaml]
[2026-01-07 21:20:11,974: INFO: common: Created directory at: artifacts]
[2026-01-07 21:20:11,974: INFO: common: Created directory at: artifacts/data_ingestion]
[2026-01-07 21:20:12,881: INFO: data_ingestion: Downloaded file to: artifacts/data_ingestion/data.zip]
[2026-01-07 21:20:12,895: INFO: main: >>>>>> stage Data Ingestion stage completed <<<<<<

x==========x]
[2026-01-07 21:20:12,896: INFO: main: >>>>>> stage Data Validation stage started <<<<<<]
[2026-01-07 21:20:12,898: INFO: common: YAML file loaded successfully: config/config.yaml]
[2026-01-07 21:20:12,899: INFO: common: YAML file loaded successfully: params.yaml]
[2026-01-07 21:20:12,899: INFO: common: YAML file loaded successfully: schema.yaml]
[2026-01-07 21:20:12,900: INFO: common: Created directory at: artifacts]
[2026-01-07 21:20:12,900: INFO: common: Created directory at: artifacts]
[2026-01-07 21:20:12,900: INFO: common: Created directory at: artifacts/data_validation]
[2026-01-07 21:20:12,938: INFO: main: >>>>>> stage Data Validation stage completed <<<<<<

x==========x]
[2026-01-07 21:20:12,938: INFO: main: >>>>>> stage Data Transformation stage started <<<<<<]
[2026-01-07 21:20:12,939: INFO: common: YAML file loaded successfully: config/config.yaml]
[2026-01-07 21:20:12,940: INFO: common: YAML file loaded successfully: params.yaml]
[2026-01-07 21:20:12,940: INFO: common: YAML file loaded successfully: schema.yaml]
[2026-01-07 21:20:12,940: INFO: common: Created directory at: artifacts]
[2026-01-07 21:20:12,940: INFO: common: Created directory at: artifacts/data_transformation]
[2026-01-07 21:20:12,964: INFO: common: Created directory at: artifacts/data_transformation]
[2026-01-07 21:20:18,900: INFO: main: >>>>>> stage Data Transformation stage completed <<<<<<

x==========x]
[2026-01-07 21:24:36,534: INFO: common: YAML file loaded successfully: config/config.yaml]
[2026-01-07 21:24:36,536: INFO: common: YAML file loaded successfully: params.yaml]
[2026-01-07 21:24:36,537: INFO: common: YAML file loaded successfully: schema.yaml]
[2026-01-07 21:24:36,538: INFO: common: Created directory at: artifacts/model_trainer]
[2026-01-07 21:25:13,327: INFO: common: YAML file loaded successfully: config/config.yaml]
[2026-01-07 21:25:13,329: INFO: common: YAML file loaded successfully: params.yaml]
[2026-01-07 21:25:13,330: INFO: common: YAML file loaded successfully: schema.yaml]
[2026-01-07 21:25:13,331: INFO: common: Created directory at: artifacts/model_trainer]
[2026-01-07 21:25:44,586: INFO: common: YAML file loaded successfully: config/config.yaml]
[2026-01-07 21:25:44,588: INFO: common: YAML file loaded successfully: params.yaml]
[2026-01-07 21:25:44,589: INFO: common: YAML file loaded successfully: schema.yaml]
[2026-01-07 21:25:44,590: INFO: common: Created directory at: artifacts/model_trainer]
[2026-01-07 21:29:06,731: INFO: common: YAML file loaded successfully: config/config.yaml]
[2026-01-07 21:29:06,733: INFO: common: YAML file loaded successfully: params.yaml]
[2026-01-07 21:29:06,734: INFO: common: YAML file loaded successfully: schema.yaml]
[2026-01-07 21:29:06,735: INFO: common: Created directory at: artifacts/model_trainer]
[2026-01-07 21:29:50,960: INFO: common: YAML file loaded successfully: config/config.yaml]
[2026-01-07 21:29:50,963: INFO: common: YAML file loaded successfully: params.yaml]
[2026-01-07 21:29:50,964: INFO: common: YAML file loaded successfully: schema.yaml]
[2026-01-07 21:29:50,964: INFO: common: Created directory at: artifacts/model_trainer]
[2026-01-07 21:30:44,167: INFO: common: YAML file loaded successfully: config/config.yaml]
[2026-01-07 21:30:44,170: INFO: common: YAML file loaded successfully: params.yaml]
[2026-01-07 21:30:44,171: INFO: common: YAML file loaded successfully: schema.yaml]
[2026-01-07 21:30:44,171: INFO: common: Created directory at: artifacts/model_trainer]
[2026-01-07 21:31:41,842: INFO: common: YAML file loaded successfully: config/config.yaml]
[2026-01-07 21:31:41,844: INFO: common: YAML file loaded successfully: params.yaml]
[2026-01-07 21:31:41,845: INFO: common: YAML file loaded successfully: schema.yaml]
[2026-01-07 21:31:41,846: INFO: common: Created directory at: artifacts/model_trainer]
[2026-01-07 21:45:11,006: INFO: main: >>>>>> stage Data Ingestion stage started <<<<<<]
[2026-01-07 21:45:11,008: INFO: common: YAML file loaded successfully: config/config.yaml]
[2026-01-07 21:45:11,008: INFO: common: YAML file loaded successfully: params.yaml]
[2026-01-07 21:45:11,009: INFO: common: YAML file loaded successfully: schema.yaml]
[2026-01-07 21:45:11,009: INFO: common: Created directory at: artifacts]
[2026-01-07 21:45:11,009: INFO: common: Created directory at: artifacts/data_ingestion]
[2026-01-07 21:45:11,669: INFO: data_ingestion: Downloaded file to: artifacts/data_ingestion/data.zip]
[2026-01-07 21:45:11,682: INFO: main: >>>>>> stage Data Ingestion stage completed <<<<<<

x==========x]
[2026-01-07 21:45:11,682: INFO: main: >>>>>> stage Data Validation stage started <<<<<<]
[2026-01-07 21:45:11,684: INFO: common: YAML file loaded successfully: config/config.yaml]
[2026-01-07 21:45:11,684: INFO: common: YAML file loaded successfully: params.yaml]
[2026-01-07 21:45:11,685: INFO: common: YAML file loaded successfully: schema.yaml]
[2026-01-07 21:45:11,685: INFO: common: Created directory at: artifacts]
[2026-01-07 21:45:11,685: INFO: common: Created directory at: artifacts]
[2026-01-07 21:45:11,685: INFO: common: Created directory at: artifacts/data_validation]
[2026-01-07 21:45:11,720: INFO: main: >>>>>> stage Data Validation stage completed <<<<<<

x==========x]
[2026-01-07 21:45:11,720: INFO: main: >>>>>> stage Data Transformation stage started <<<<<<]
[2026-01-07 21:45:11,721: INFO: common: YAML file loaded successfully: config/config.yaml]
[2026-01-07 21:45:11,721: INFO: common: YAML file loaded successfully: params.yaml]
[2026-01-07 21:45:11,721: INFO: common: YAML file loaded successfully: schema.yaml]
[2026-01-07 21:45:11,722: INFO: common: Created directory at: artifacts]
[2026-01-07 21:45:11,722: INFO: common: Created directory at: artifacts/data_transformation]
[2026-01-07 21:45:11,746: INFO: common: Created directory at: artifacts/data_transformation]
[2026-01-07 21:45:16,357: INFO: main: >>>>>> stage Data Transformation stage completed <<<<<<

x==========x]
[2026-01-07 21:45:16,357: INFO: main: >>>>>> stage Model Training Stage started <<<<<<]
[2026-01-07 21:45:16,358: INFO: common: YAML file loaded successfully: config/config.yaml]
[2026-01-07 21:45:16,358: INFO: common: YAML file loaded successfully: params.yaml]
[2026-01-07 21:45:16,358: INFO: common: YAML file loaded successfully: schema.yaml]
[2026-01-07 21:45:16,358: INFO: common: Created directory at: artifacts]
[2026-01-07 21:45:16,358: INFO: common: Created directory at: artifacts/model_trainer]
[2026-01-07 21:45:25,111: INFO: main: >>>>>> stage Model Training Stage completed <<<<<<

x==========x]
[2026-01-07 22:14:09,603: INFO: common: YAML file loaded successfully: config/config.yaml]
[2026-01-07 22:14:09,605: INFO: common: YAML file loaded successfully: params.yaml]
[2026-01-07 22:14:09,606: INFO: common: YAML file loaded successfully: schema.yaml]
[2026-01-07 22:14:09,607: INFO: common: Created directory at: artifacts]
[2026-01-07 22:14:09,608: INFO: common: Created directory at: artifacts/model_evaluation]
[2026-01-07 22:15:13,919: INFO: common: YAML file loaded successfully: config/config.yaml]
[2026-01-07 22:15:13,921: INFO: common: YAML file loaded successfully: params.yaml]
[2026-01-07 22:15:13,922: INFO: common: YAML file loaded successfully: schema.yaml]
[2026-01-07 22:15:13,922: INFO: common: Created directory at: artifacts]
[2026-01-07 22:15:13,923: INFO: common: Created directory at: artifacts/model_evaluation]
[2026-01-07 22:15:42,618: INFO: common: YAML file loaded successfully: config/config.yaml]
[2026-01-07 22:15:42,620: INFO: common: YAML file loaded successfully: params.yaml]
[2026-01-07 22:15:42,621: INFO: common: YAML file loaded successfully: schema.yaml]
[2026-01-07 22:15:42,621: INFO: common: Created directory at: artifacts]
[2026-01-07 22:15:42,622: INFO: common: Created directory at: artifacts/model_evaluation]
[2026-01-07 22:21:28,726: INFO: common: YAML file loaded successfully: config/config.yaml]
[2026-01-07 22:21:28,728: INFO: common: YAML file loaded successfully: params.yaml]
[2026-01-07 22:21:28,729: INFO: common: YAML file loaded successfully: schema.yaml]
[2026-01-07 22:21:28,729: INFO: common: Created directory at: artifacts]
[2026-01-07 22:21:28,730: INFO: common: Created directory at: artifacts/model_evaluation]
[2026-01-07 22:22:22,862: INFO: common: YAML file loaded successfully: config/config.yaml]
[2026-01-07 22:22:22,864: INFO: common: YAML file loaded successfully: params.yaml]
[2026-01-07 22:22:22,866: INFO: common: YAML file loaded successfully: schema.yaml]
[2026-01-07 22:22:22,866: INFO: common: Created directory at: artifacts]
[2026-01-07 22:22:22,867: INFO: common: Created directory at: artifacts/model_evaluation]
[2026-01-07 22:22:57,880: INFO: common: YAML file loaded successfully: config/config.yaml]
[2026-01-07 22:22:57,882: INFO: common: YAML file loaded successfully: params.yaml]
[2026-01-07 22:22:57,883: INFO: common: YAML file loaded successfully: schema.yaml]
[2026-01-07 22:22:57,883: INFO: common: Created directory at: artifacts]
[2026-01-07 22:22:57,884: INFO: common: Created directory at: artifacts/model_evaluation]
[2026-01-07 22:23:00,751: INFO: common: YAML file loaded successfully: config/config.yaml]
[2026-01-07 22:23:00,753: INFO: common: YAML file loaded successfully: params.yaml]
[2026-01-07 22:23:00,755: INFO: common: YAML file loaded successfully: schema.yaml]
[2026-01-07 22:23:00,757: INFO: common: Created directory at: artifacts]
[2026-01-07 22:23:00,758: INFO: common: Created directory at: artifacts/model_evaluation]
[2026-01-07 22:26:08,230: INFO: _client: HTTP Request: POST https://dagshub.com/login/oauth/middleman "HTTP/1.1 200 OK"]
[2026-01-07 22:26:08,600: INFO: _client: HTTP Request: POST https://dagshub.com/login/oauth/access_token "HTTP/1.1 200 OK"]
[2026-01-07 22:26:08,854: INFO: _client: HTTP Request: GET https://dagshub.com/api/v1/user "HTTP/1.1 200 OK"]
[2026-01-07 22:26:08,861: INFO: helpers: Accessing as Gakshith]
[2026-01-07 22:26:09,208: INFO: _client: HTTP Request: GET https://dagshub.com/api/v1/repos/Gakshith/YouTube-Fake-Thumbnail-Detector "HTTP/1.1 200 OK"]
[2026-01-07 22:26:09,474: INFO: _client: HTTP Request: GET https://dagshub.com/api/v1/user "HTTP/1.1 200 OK"]
[2026-01-07 22:26:09,477: INFO: helpers: Initialized MLflow to track repo "Gakshith/YouTube-Fake-Thumbnail-Detector"]
[2026-01-07 22:26:09,478: INFO: helpers: Repository Gakshith/YouTube-Fake-Thumbnail-Detector initialized!]
[2026-01-07 22:26:14,987: INFO: common: YAML file loaded successfully: config/config.yaml]
[2026-01-07 22:26:14,989: INFO: common: YAML file loaded successfully: params.yaml]
[2026-01-07 22:26:14,990: INFO: common: YAML file loaded successfully: schema.yaml]
[2026-01-07 22:26:14,991: INFO: common: Created directory at: artifacts]
[2026-01-07 22:26:14,991: INFO: common: Created directory at: artifacts/model_evaluation]
[2026-01-07 22:26:58,128: INFO: _client: HTTP Request: GET https://dagshub.com/api/v1/repos/Gakshith/YouTube-Fake-Thumbnail-Detector "HTTP/1.1 200 OK"]
[2026-01-07 22:26:58,138: INFO: helpers: Initialized MLflow to track repo "Gakshith/YouTube-Fake-Thumbnail-Detector"]
[2026-01-07 22:26:58,140: INFO: helpers: Repository Gakshith/YouTube-Fake-Thumbnail-Detector initialized!]
[2026-01-07 22:27:00,518: INFO: common: YAML file loaded successfully: config/config.yaml]
[2026-01-07 22:27:00,519: INFO: common: YAML file loaded successfully: params.yaml]
[2026-01-07 22:27:00,520: INFO: common: YAML file loaded successfully: schema.yaml]
[2026-01-07 22:27:00,520: INFO: common: Created directory at: artifacts]
[2026-01-07 22:27:00,521: INFO: common: Created directory at: artifacts/model_evaluation]
[2026-01-07 22:27:21,205: INFO: _client: HTTP Request: GET https://dagshub.com/api/v1/repos/Gakshith/YouTube-Fake-Thumbnail-Detector "HTTP/1.1 200 OK"]
[2026-01-07 22:27:21,212: INFO: helpers: Initialized MLflow to track repo "Gakshith/YouTube-Fake-Thumbnail-Detector"]
[2026-01-07 22:27:21,213: INFO: helpers: Repository Gakshith/YouTube-Fake-Thumbnail-Detector initialized!]
[2026-01-07 22:27:23,239: INFO: common: YAML file loaded successfully: config/config.yaml]
[2026-01-07 22:27:23,240: INFO: common: YAML file loaded successfully: params.yaml]
[2026-01-07 22:27:23,241: INFO: common: YAML file loaded successfully: schema.yaml]
[2026-01-07 22:27:23,241: INFO: common: Created directory at: artifacts]
[2026-01-07 22:27:23,242: INFO: common: Created directory at: artifacts/model_evaluation]
[2026-01-07 22:29:08,230: INFO: _client: HTTP Request: GET https://dagshub.com/api/v1/repos/Gakshith/YouTube-Fake-Thumbnail-Detector "HTTP/1.1 200 OK"]
[2026-01-07 22:29:08,244: INFO: helpers: Initialized MLflow to track repo "Gakshith/YouTube-Fake-Thumbnail-Detector"]
[2026-01-07 22:29:08,253: INFO: helpers: Repository Gakshith/YouTube-Fake-Thumbnail-Detector initialized!]
[2026-01-07 22:29:09,817: INFO: common: YAML file loaded successfully: config/config.yaml]
[2026-01-07 22:29:09,819: INFO: common: YAML file loaded successfully: params.yaml]
[2026-01-07 22:29:09,820: INFO: common: YAML file loaded successfully: schema.yaml]
[2026-01-07 22:29:09,820: INFO: common: Created directory at: artifacts]
[2026-01-07 22:29:09,821: INFO: common: Created directory at: artifacts/model_evaluation]
[2026-01-07 22:31:12,029: INFO: _client: HTTP Request: GET https://dagshub.com/api/v1/repos/Gakshith/YouTube-Fake-Thumbnail-Detector "HTTP/1.1 200 OK"]
[2026-01-07 22:31:12,034: INFO: helpers: Initialized MLflow to track repo "Gakshith/YouTube-Fake-Thumbnail-Detector"]
[2026-01-07 22:31:12,034: INFO: helpers: Repository Gakshith/YouTube-Fake-Thumbnail-Detector initialized!]
[2026-01-07 22:31:12,091: INFO: common: YAML file loaded successfully: config/config.yaml]
[2026-01-07 22:31:12,092: INFO: common: YAML file loaded successfully: params.yaml]
[2026-01-07 22:31:12,093: INFO: common: YAML file loaded successfully: schema.yaml]
[2026-01-07 22:31:12,093: INFO: common: Created directory at: artifacts]
[2026-01-07 22:31:12,093: INFO: common: Created directory at: artifacts/model_evaluation]
[2026-01-07 22:31:26,539: INFO: _client: HTTP Request: GET https://dagshub.com/api/v1/repos/Gakshith/YouTube-Fake-Thumbnail-Detector "HTTP/1.1 200 OK"]
[2026-01-07 22:31:26,543: INFO: helpers: Initialized MLflow to track repo "Gakshith/YouTube-Fake-Thumbnail-Detector"]
[2026-01-07 22:31:26,544: INFO: helpers: Repository Gakshith/YouTube-Fake-Thumbnail-Detector initialized!]
[2026-01-07 22:31:26,664: INFO: common: YAML file loaded successfully: config/config.yaml]
[2026-01-07 22:31:26,666: INFO: common: YAML file loaded successfully: params.yaml]
[2026-01-07 22:31:26,667: INFO: common: YAML file loaded successfully: schema.yaml]
[2026-01-07 22:31:26,667: INFO: common: Created directory at: artifacts]
[2026-01-07 22:31:26,668: INFO: common: Created directory at: artifacts/model_evaluation]
[2026-01-07 22:31:44,265: INFO: _client: HTTP Request: GET https://dagshub.com/api/v1/repos/Gakshith/YouTube-Fake-Thumbnail-Detector "HTTP/1.1 200 OK"]
[2026-01-07 22:31:44,269: INFO: helpers: Initialized MLflow to track repo "Gakshith/YouTube-Fake-Thumbnail-Detector"]
[2026-01-07 22:31:44,270: INFO: helpers: Repository Gakshith/YouTube-Fake-Thumbnail-Detector initialized!]
[2026-01-07 22:31:44,346: INFO: common: YAML file loaded successfully: config/config.yaml]
[2026-01-07 22:31:44,347: INFO: common: YAML file loaded successfully: params.yaml]
[2026-01-07 22:31:44,347: INFO: common: YAML file loaded successfully: schema.yaml]
[2026-01-07 22:31:44,348: INFO: common: Created directory at: artifacts]
[2026-01-07 22:31:44,348: INFO: common: Created directory at: artifacts/model_evaluation]
[2026-01-07 22:32:35,572: INFO: _client: HTTP Request: GET https://dagshub.com/api/v1/repos/Gakshith/YouTube-Fake-Thumbnail-Detector "HTTP/1.1 200 OK"]
[2026-01-07 22:32:35,577: INFO: helpers: Initialized MLflow to track repo "Gakshith/YouTube-Fake-Thumbnail-Detector"]
[2026-01-07 22:32:35,579: INFO: helpers: Repository Gakshith/YouTube-Fake-Thumbnail-Detector initialized!]
[2026-01-07 22:32:37,300: INFO: common: YAML file loaded successfully: config/config.yaml]
[2026-01-07 22:32:37,301: INFO: common: YAML file loaded successfully: params.yaml]
[2026-01-07 22:32:37,302: INFO: common: YAML file loaded successfully: schema.yaml]
[2026-01-07 22:32:37,302: INFO: common: Created directory at: artifacts]
[2026-01-07 22:32:37,303: INFO: common: Created directory at: artifacts/model_evaluation]
[2026-01-07 22:33:04,164: INFO: _client: HTTP Request: GET https://dagshub.com/api/v1/repos/Gakshith/YouTube-Fake-Thumbnail-Detector "HTTP/1.1 200 OK"]
[2026-01-07 22:33:04,168: INFO: helpers: Initialized MLflow to track repo "Gakshith/YouTube-Fake-Thumbnail-Detector"]
[2026-01-07 22:33:04,169: INFO: helpers: Repository Gakshith/YouTube-Fake-Thumbnail-Detector initialized!]
[2026-01-07 22:33:07,028: INFO: common: YAML file loaded successfully: config/config.yaml]
[2026-01-07 22:33:07,030: INFO: common: YAML file loaded successfully: params.yaml]
[2026-01-07 22:33:07,031: INFO: common: YAML file loaded successfully: schema.yaml]
[2026-01-07 22:33:07,032: INFO: common: Created directory at: artifacts]
[2026-01-07 22:33:07,032: INFO: common: Created directory at: artifacts/model_evaluation]
[2026-01-07 22:35:39,378: INFO: _client: HTTP Request: GET https://dagshub.com/api/v1/repos/Gakshith/YouTube-Fake-Thumbnail-Detector "HTTP/1.1 200 OK"]
[2026-01-07 22:35:39,383: INFO: helpers: Initialized MLflow to track repo "Gakshith/YouTube-Fake-Thumbnail-Detector"]
[2026-01-07 22:35:39,384: INFO: helpers: Repository Gakshith/YouTube-Fake-Thumbnail-Detector initialized!]
[2026-01-07 22:35:39,461: INFO: common: YAML file loaded successfully: config/config.yaml]
[2026-01-07 22:35:39,464: INFO: common: YAML file loaded successfully: params.yaml]
[2026-01-07 22:35:39,468: INFO: common: YAML file loaded successfully: schema.yaml]
[2026-01-07 22:35:39,471: INFO: common: Created directory at: artifacts]
[2026-01-07 22:35:39,471: INFO: common: Created directory at: artifacts/model_evaluation]
[2026-01-07 22:35:39,973: INFO: common: JSON file saved at: artifacts/model_evaluation/metrics.json]
[2026-01-07 22:45:36,586: INFO: _client: HTTP Request: GET https://dagshub.com/api/v1/user "HTTP/1.1 200 OK"]
[2026-01-07 22:45:36,595: INFO: helpers: Accessing as Gakshith]
[2026-01-07 22:45:37,018: INFO: _client: HTTP Request: GET https://dagshub.com/api/v1/repos/Gakshith/YouTube-Fake-Thumbnail-Detector "HTTP/1.1 200 OK"]
[2026-01-07 22:45:37,281: INFO: _client: HTTP Request: GET https://dagshub.com/api/v1/user "HTTP/1.1 200 OK"]
[2026-01-07 22:45:37,285: INFO: helpers: Initialized MLflow to track repo "Gakshith/YouTube-Fake-Thumbnail-Detector"]
[2026-01-07 22:45:37,286: INFO: helpers: Repository Gakshith/YouTube-Fake-Thumbnail-Detector initialized!]
[2026-01-07 22:45:37,699: INFO: main: >>>>>> stage Data Ingestion stage started <<<<<<]
[2026-01-07 22:45:37,701: INFO: common: YAML file loaded successfully: config/config.yaml]
[2026-01-07 22:45:37,701: INFO: common: YAML file loaded successfully: params.yaml]
[2026-01-07 22:45:37,701: INFO: common: YAML file loaded successfully: schema.yaml]
[2026-01-07 22:45:37,701: INFO: common: Created directory at: artifacts]
[2026-01-07 22:45:37,701: INFO: common: Created directory at: artifacts/data_ingestion]
[2026-01-07 22:45:37,701: INFO: data_ingestion: File already exists of size: ~ 696 KB]
[2026-01-07 22:45:37,706: INFO: main: >>>>>> stage Data Ingestion stage completed <<<<<<

x==========x]
[2026-01-07 22:45:37,706: INFO: main: >>>>>> stage Data Validation stage started <<<<<<]
[2026-01-07 22:45:37,707: INFO: common: YAML file loaded successfully: config/config.yaml]
[2026-01-07 22:45:37,707: INFO: common: YAML file loaded successfully: params.yaml]
[2026-01-07 22:45:37,707: INFO: common: YAML file loaded successfully: schema.yaml]
[2026-01-07 22:45:37,707: INFO: common: Created directory at: artifacts]
[2026-01-07 22:45:37,707: INFO: common: Created directory at: artifacts]
[2026-01-07 22:45:37,707: INFO: common: Created directory at: artifacts/data_validation]
[2026-01-07 22:45:37,732: INFO: main: >>>>>> stage Data Validation stage completed <<<<<<

x==========x]
[2026-01-07 22:45:37,732: INFO: main: >>>>>> stage Data Transformation stage started <<<<<<]
[2026-01-07 22:45:37,733: INFO: common: YAML file loaded successfully: config/config.yaml]
[2026-01-07 22:45:37,733: INFO: common: YAML file loaded successfully: params.yaml]
[2026-01-07 22:45:37,733: INFO: common: YAML file loaded successfully: schema.yaml]
[2026-01-07 22:45:37,733: INFO: common: Created directory at: artifacts]
[2026-01-07 22:45:37,734: INFO: common: Created directory at: artifacts/data_transformation]
[2026-01-07 22:45:37,753: INFO: common: Created directory at: artifacts/data_transformation]
[2026-01-07 22:45:43,921: INFO: main: >>>>>> stage Data Transformation stage completed <<<<<<

x==========x]
[2026-01-07 22:45:43,921: INFO: main: >>>>>> stage Model Training Stage started <<<<<<]
[2026-01-07 22:45:43,925: INFO: common: YAML file loaded successfully: config/config.yaml]
[2026-01-07 22:45:43,926: INFO: common: YAML file loaded successfully: params.yaml]
[2026-01-07 22:45:43,926: INFO: common: YAML file loaded successfully: schema.yaml]
[2026-01-07 22:45:43,927: INFO: common: Created directory at: artifacts]
[2026-01-07 22:45:43,927: INFO: common: Created directory at: artifacts/model_trainer]
[2026-01-07 22:45:52,705: INFO: main: >>>>>> stage Model Training Stage completed <<<<<<

x==========x]
[2026-01-07 22:45:52,706: INFO: main: >>>>>> stage Model Evaluation Stage started <<<<<<]
[2026-01-07 22:45:52,708: INFO: common: YAML file loaded successfully: config/config.yaml]
[2026-01-07 22:45:52,709: INFO: common: YAML file loaded successfully: params.yaml]
[2026-01-07 22:45:52,709: INFO: common: YAML file loaded successfully: schema.yaml]
[2026-01-07 22:45:52,709: INFO: common: Created directory at: artifacts]
[2026-01-07 22:45:52,709: INFO: common: Created directory at: artifacts/model_evaluation]
[2026-01-07 22:45:53,353: INFO: common: JSON file saved at: artifacts/model_evaluation/metrics.json]
[2026-01-07 22:46:03,340: INFO: main: >>>>>> stage Model Evaluation Stage completed <<<<<<

x==========x]
